<?xml version="1.0" encoding="UTF-8"?>
<!-- Generated by org.testng.reporters.JUnitReportReporter -->
<testsuite hostname="NGL000106" failures="0" tests="1" name="tests.LoginfailTest" time="6.185" errors="0" timestamp="2021-10-28T13:19:42 IST" skipped="0">
  <testcase classname="tests.LoginfailTest" name="loginfail" time="6.185"/>
  <system-out/>
</testsuite> <!-- tests.LoginfailTest -->
