<?xml version="1.0" encoding="UTF-8"?>
<!-- Generated by org.testng.reporters.JUnitReportReporter -->
<testsuite hostname="NGL000106" failures="0" tests="1" name="tests.product.CheckLinkTest" time="30.805" errors="0" timestamp="2021-11-01T14:51:46 IST" skipped="0">
  <testcase classname="tests.product.CheckLinkTest" name="checkLink" time="30.805"/>
  <system-out/>
</testsuite> <!-- tests.product.CheckLinkTest -->
