<?xml version="1.0" encoding="UTF-8"?>
<!-- Generated by org.testng.reporters.JUnitReportReporter -->
<testsuite hostname="NGL000106" failures="0" tests="10" name="test.home.HomePageTest" time="70.976" errors="0" timestamp="2021-09-23T16:50:19 IST" skipped="0">
  <testcase classname="test.home.HomePageTest" name="verifyLogoutLinkTest" time="6.662"/>
  <system-out/>
  <testcase classname="test.home.HomePageTest" name="verifyMessageLinkTest" time="7.161"/>
  <system-out/>
  <testcase classname="test.home.HomePageTest" name="verifyFindFriendLinkTest" time="8.101"/>
  <system-out/>
  <testcase classname="test.home.HomePageTest" name="verifyFriendLinkTest" time="6.997"/>
  <system-out/>
  <testcase classname="test.home.HomePageTest" name="verifyLikeDislikeBtnTest" time="7.668"/>
  <system-out/>
  <testcase classname="test.home.HomePageTest" name="verifyNotificationLinkTest" time="6.797"/>
  <system-out/>
  <testcase classname="test.home.HomePageTest" name="verifyFindFriendWhoIsFollowingLinkTest" time="7.446"/>
  <system-out/>
  <testcase classname="test.home.HomePageTest" name="verifyHamBergerMenuTest" time="6.837"/>
  <system-out/>
  <testcase classname="test.home.HomePageTest" name="verifyUserNameClickTest" time="6.060"/>
  <system-out/>
  <testcase classname="test.home.HomePageTest" name="verifySearchFriendTest" time="7.247"/>
  <system-out/>
</testsuite> <!-- test.home.HomePageTest -->
