<?xml version="1.0" encoding="UTF-8"?>
<!-- Generated by org.testng.reporters.JUnitReportReporter -->
<testsuite hostname="NGL000106" failures="0" tests="1" name="scripts.Test07" time="1.474" errors="0" timestamp="2021-09-16T11:06:43 IST" skipped="0">
  <testcase classname="scripts.Test07" name="f" time="1.474"/>
  <system-out/>
</testsuite> <!-- scripts.Test07 -->
