<?xml version="1.0" encoding="UTF-8"?>
<!-- Generated by org.testng.reporters.JUnitReportReporter -->
<testsuite hostname="NGL000106" failures="0" tests="1" name="tests.HomePageTest" time="7.649" errors="0" timestamp="2021-10-26T15:17:19 IST" skipped="0">
  <testcase classname="tests.HomePageTest" name="f" time="7.649"/>
  <system-out/>
</testsuite> <!-- tests.HomePageTest -->
