<?xml version="1.0" encoding="UTF-8"?>
<!-- Generated by org.testng.reporters.JUnitReportReporter -->
<testsuite hostname="LAPTOP-CVCCDNIS" failures="0" tests="1" name="scripts.Test04" time="6.002" errors="0" timestamp="2021-09-14T21:14:15 IST" skipped="0">
  <testcase classname="scripts.Test04" name="f" time="6.002"/>
  <system-out/>
</testsuite> <!-- scripts.Test04 -->
