<?xml version="1.0" encoding="UTF-8"?>
<!-- Generated by org.testng.reporters.JUnitReportReporter -->
<testsuite hostname="NGL000106" failures="0" tests="1" name="tests.GotoprojectTest" time="3.697" errors="0" timestamp="2021-10-28T13:15:22 IST" skipped="0">
  <testcase classname="tests.GotoprojectTest" name="gotoproject" time="3.697"/>
  <system-out/>
</testsuite> <!-- tests.GotoprojectTest -->
