<?xml version="1.0" encoding="UTF-8"?>
<!-- Generated by org.testng.reporters.JUnitReportReporter -->
<testsuite hostname="NGL000106" failures="0" tests="1" name="tests.DisplayproductdetailsTest" time="4.381" errors="0" timestamp="2021-10-28T13:08:04 IST" skipped="0">
  <testcase classname="tests.DisplayproductdetailsTest" name="Displayproductdetails" time="4.381"/>
  <system-out/>
</testsuite> <!-- tests.DisplayproductdetailsTest -->
