<?xml version="1.0" encoding="UTF-8"?>
<!-- Generated by org.testng.reporters.JUnitReportReporter -->
<testsuite hostname="NGL000106" failures="0" tests="1" name="com.persistent.scripts.Test02" time="0.964" errors="0" timestamp="2021-09-16T13:30:26 IST" skipped="0">
  <testcase classname="com.persistent.scripts.Test02" name="f" time="0.964"/>
  <system-out/>
</testsuite> <!-- com.persistent.scripts.Test02 -->
