<?xml version="1.0" encoding="UTF-8"?>
<!-- Generated by org.testng.reporters.JUnitReportReporter -->
<testsuite hostname="NGL000106" failures="0" tests="1" name="tests.DeletecontactTest" time="6.517" errors="0" timestamp="2021-10-28T12:58:31 IST" skipped="0">
  <testcase classname="tests.DeletecontactTest" name="deleteproduct" time="6.517"/>
  <system-out/>
</testsuite> <!-- tests.DeletecontactTest -->
