<?xml version="1.0" encoding="UTF-8"?>
<!-- Generated by org.testng.reporters.JUnitReportReporter -->
<testsuite hostname="NGL000106" failures="0" tests="1" name="tests.lead.CreateLeadTest" time="47.220" errors="0" timestamp="2021-11-01T14:35:01 IST" skipped="0">
  <testcase classname="tests.lead.CreateLeadTest" name="addLead" time="47.220"/>
  <system-out/>
</testsuite> <!-- tests.lead.CreateLeadTest -->
