<?xml version="1.0" encoding="UTF-8"?>
<!-- Generated by org.testng.reporters.JUnitReportReporter -->
<testsuite hostname="NGL000106" failures="0" tests="1" name="tests.HomePageTest" time="7.853" errors="0" timestamp="2021-10-26T14:54:53 IST" skipped="0">
  <testcase classname="tests.HomePageTest" name="f" time="7.853"/>
  <system-out/>
</testsuite> <!-- tests.HomePageTest -->
