<?xml version="1.0" encoding="UTF-8"?>
<!-- Generated by org.testng.reporters.JUnitReportReporter -->
<testsuite hostname="NGL000106" failures="0" tests="4" name="test.register.Test1Registration" time="1.987" errors="0" timestamp="2021-09-23T12:12:16 IST" skipped="0">
  <testcase classname="test.register.Test1Registration" name="RegTest_01" time="1.401"/>
  <system-out>
    <![CDATA[RegTest_01-Verify the registration page title.|||
Test Case Output: Gatherly Social Network | Register]]>
  </system-out>
  <testcase classname="test.register.Test1Registration" name="RegTest_03" time="0.135"/>
  <system-out>
    <![CDATA[Verify the registration frame title |||
Registration frame title is : Register]]>
  </system-out>
  <testcase classname="test.register.Test1Registration" name="RegTest_02" time="0.149"/>
  <system-out>
    <![CDATA[Verify that Gatherly background color is blue||||
Test Case Output :rgba(31, 182, 255, 1)]]>
  </system-out>
  <testcase classname="test.register.Test1Registration" name="RegTest_04" time="0.302"/>
  <system-out>
    <![CDATA[Verify that Already have an account hyperlink is present and it is redirected to the login page.|||
Test Case Output: Already have an account
 |||RegTest_04 Link is present and redirected to correct url]]>
  </system-out>
</testsuite> <!-- test.register.Test1Registration -->
