<?xml version="1.0" encoding="UTF-8"?>
<!-- Generated by org.testng.reporters.JUnitReportReporter -->
<testsuite hostname="NGL000106" failures="0" tests="1" name="scripts.Test02" time="0.887" errors="0" timestamp="2021-09-16T09:28:37 IST" skipped="0">
  <testcase classname="scripts.Test02" name="f" time="0.887"/>
  <system-out/>
</testsuite> <!-- scripts.Test02 -->
