<?xml version="1.0" encoding="UTF-8"?>
<!-- Generated by org.testng.reporters.JUnitReportReporter -->
<testsuite hostname="NGL000106" failures="0" tests="2" name="com.persistent.testcases.home.HomePageTest" time="11.809" errors="0" timestamp="2021-09-17T16:25:31 IST" skipped="0">
  <testcase classname="com.persistent.testcases.home.HomePageTest" name="verifyLogoutLinkTest" time="5.209"/>
  <system-out/>
  <testcase classname="com.persistent.testcases.home.HomePageTest" name="verifyMessageLinkTest" time="6.600"/>
  <system-out/>
</testsuite> <!-- com.persistent.testcases.home.HomePageTest -->
