<?xml version="1.0" encoding="UTF-8"?>
<!-- Generated by org.testng.reporters.JUnitReportReporter -->
<testsuite hostname="LAPTOP-CVCCDNIS" failures="0" tests="1" name="scripts.Test01" time="7.448" errors="0" timestamp="2021-09-13T20:46:01 IST" skipped="0">
  <testcase classname="scripts.Test01" name="f" time="7.448"/>
  <system-out/>
</testsuite> <!-- scripts.Test01 -->
