<?xml version="1.0" encoding="UTF-8"?>
<!-- Generated by org.testng.reporters.JUnitReportReporter -->
<testsuite hostname="NGL000106" failures="0" tests="1" name="scripts.Test12" time="4.483" errors="0" timestamp="2021-09-16T11:44:27 IST" skipped="0">
  <testcase classname="scripts.Test12" name="f" time="4.483"/>
  <system-out/>
</testsuite> <!-- scripts.Test12 -->
