<?xml version="1.0" encoding="UTF-8"?>
<!-- Generated by org.testng.reporters.JUnitReportReporter -->
<testsuite hostname="NGL000106" failures="0" tests="1" name="tests.lead.CovertLeadTest" time="41.339" errors="0" timestamp="2021-11-01T14:49:52 IST" skipped="0">
  <testcase classname="tests.lead.CovertLeadTest" name="convertLead" time="41.339"/>
  <system-out/>
</testsuite> <!-- tests.lead.CovertLeadTest -->
