<?xml version="1.0" encoding="UTF-8"?>
<!-- Generated by org.testng.reporters.JUnitReportReporter -->
<testsuite hostname="NGL000106" failures="0" tests="1" name="tests.NewbuttoncustomerTest" time="5.924" errors="0" timestamp="2021-10-28T13:23:33 IST" skipped="0">
  <testcase classname="tests.NewbuttoncustomerTest" name="Newbuttoncustomer" time="5.924"/>
  <system-out/>
</testsuite> <!-- tests.NewbuttoncustomerTest -->
