<?xml version="1.0" encoding="UTF-8"?>
<!-- Generated by org.testng.reporters.JUnitReportReporter -->
<testsuite hostname="NGL000106" failures="0" tests="1" name="scripts.Test03" time="1.909" errors="0" timestamp="2021-09-16T09:55:47 IST" skipped="0">
  <testcase classname="scripts.Test03" name="f" time="1.909"/>
  <system-out/>
</testsuite> <!-- scripts.Test03 -->
