<?xml version="1.0" encoding="UTF-8"?>
<!-- Generated by org.testng.reporters.JUnitReportReporter -->
<testsuite hostname="NGL000106" failures="0" tests="1" name="tests.VerifyTitle" time="47.951" errors="0" timestamp="2021-10-28T13:39:29 IST" skipped="0">
  <testcase classname="tests.VerifyTitle" name="verifyTitle" time="47.951"/>
  <system-out/>
</testsuite> <!-- tests.VerifyTitle -->
