<?xml version="1.0" encoding="UTF-8"?>
<!-- Generated by org.testng.reporters.JUnitReportReporter -->
<testsuite hostname="NGL000106" failures="0" tests="1" name="scripts.Test10" time="3.295" errors="0" timestamp="2021-09-16T11:27:50 IST" skipped="0">
  <testcase classname="scripts.Test10" name="f" time="3.295"/>
  <system-out/>
</testsuite> <!-- scripts.Test10 -->
