<?xml version="1.0" encoding="UTF-8"?>
<!-- Generated by org.testng.reporters.JUnitReportReporter -->
<testsuite hostname="LAPTOP-CVCCDNIS" failures="0" tests="1" name="scripts.Test6" time="6.151" errors="0" timestamp="2021-09-14T21:28:41 IST" skipped="0">
  <testcase classname="scripts.Test6" name="f" time="6.151"/>
  <system-out/>
</testsuite> <!-- scripts.Test6 -->
