<?xml version="1.0" encoding="UTF-8"?>
<!-- Generated by org.testng.reporters.JUnitReportReporter -->
<testsuite hostname="NGL000106" failures="0" tests="1" name="tests.CheckLinkTest" time="35.345" errors="0" timestamp="2021-10-28T13:31:43 IST" skipped="0">
  <testcase classname="tests.CheckLinkTest" name="checkLink" time="35.345"/>
  <system-out/>
</testsuite> <!-- tests.CheckLinkTest -->
