<?xml version="1.0" encoding="UTF-8"?>
<!-- Generated by org.testng.reporters.JUnitReportReporter -->
<testsuite hostname="NGL000106" failures="0" tests="1" name="tests.product.DeleteProductTest" time="26.124" errors="0" timestamp="2021-11-01T14:56:35 IST" skipped="0">
  <testcase classname="tests.product.DeleteProductTest" name="deleteProduct" time="26.124"/>
  <system-out/>
</testsuite> <!-- tests.product.DeleteProductTest -->
