<?xml version="1.0" encoding="UTF-8"?>
<!-- Generated by org.testng.reporters.JUnitReportReporter -->
<testsuite hostname="NGL000106" failures="0" tests="1" name="tests.ContactPageTest" time="31.158" errors="0" timestamp="2021-11-03T12:26:02 IST" skipped="0">
  <testcase classname="tests.ContactPageTest" name="verifyTitle" time="31.158"/>
  <system-out/>
</testsuite> <!-- tests.ContactPageTest -->
